  1lc: 2000/107648 cols  (5s)
  1lc: 4000/107648 cols  (11s)
  1lc: 6000/107648 cols  (16s)
  1lc: 8000/107648 cols  (22s)
  1lc: 10000/107648 cols  (27s)
  1lc: 12000/107648 cols  (33s)
  1lc: 14000/107648 cols  (38s)
  1lc: 16000/107648 cols  (44s)
  1lc: 18000/107648 cols  (49s)
  1lc: 20000/107648 cols  (55s)
  1lc: 22000/107648 cols  (60s)
  1lc: 24000/107648 cols  (66s)
  1lc: 26000/107648 cols  (72s)
  1lc: 28000/107648 cols  (77s)
  1lc: 30000/107648 cols  (83s)
  1lc: 32000/107648 cols  (88s)
  1lc: 34000/107648 cols  (94s)
  1lc: 36000/107648 cols  (100s)
  1lc: 38000/107648 cols  (105s)
  1lc: 40000/107648 cols  (111s)
  1lc: 42000/107648 cols  (117s)
  1lc: 44000/107648 cols  (123s)
  1lc: 46000/107648 cols  (129s)
  1lc: 48000/107648 cols  (135s)
  1lc: 50000/107648 cols  (140s)
  1lc: 52000/107648 cols  (146s)
  1lc: 54000/107648 cols  (152s)
  1lc: 56000/107648 cols  (158s)
  1lc: 58000/107648 cols  (163s)
  1lc: 60000/107648 cols  (169s)
  1lc: 62000/107648 cols  (174s)
  1lc: 64000/107648 cols  (180s)
  1lc: 66000/107648 cols  (186s)
  1lc: 68000/107648 cols  (191s)
  1lc: 70000/107648 cols  (197s)
  1lc: 72000/107648 cols  (203s)
  1lc: 74000/107648 cols  (208s)
  1lc: 76000/107648 cols  (214s)
  1lc: 78000/107648 cols  (220s)
  1lc: 80000/107648 cols  (225s)
  1lc: 82000/107648 cols  (231s)
  1lc: 84000/107648 cols  (237s)
  1lc: 86000/107648 cols  (242s)
  1lc: 88000/107648 cols  (248s)
  1lc: 90000/107648 cols  (254s)
  1lc: 92000/107648 cols  (259s)
  1lc: 94000/107648 cols  (265s)
  1lc: 96000/107648 cols  (270s)
  1lc: 98000/107648 cols  (276s)
  1lc: 100000/107648 cols  (281s)
  1lc: 102000/107648 cols  (287s)
  1lc: 104000/107648 cols  (293s)
  1lc: 106000/107648 cols  (299s)
  1lc: 107648/107648 cols  (304s)

====================================================================
1lc: feature axis
====================================================================
  kept clusters: 86   (304s total)
  self-distance (diag): median 0.00192, max 0.005063
  cross Dfeat: median 0.01812, range [0.001603, 0.237]
  cross >= self scale?  min cross 0.001603 vs median self 0.00192  (some cross below self -> degeneracy candidates)
  2lc: 2000/113627 cols  (5s)
  2lc: 4000/113627 cols  (11s)
  2lc: 6000/113627 cols  (17s)
  2lc: 8000/113627 cols  (23s)
  2lc: 10000/113627 cols  (28s)
  2lc: 12000/113627 cols  (34s)
  2lc: 14000/113627 cols  (40s)
  2lc: 16000/113627 cols  (46s)
  2lc: 18000/113627 cols  (51s)
  2lc: 20000/113627 cols  (57s)
  2lc: 22000/113627 cols  (63s)
  2lc: 24000/113627 cols  (69s)
  2lc: 26000/113627 cols  (75s)
  2lc: 28000/113627 cols  (81s)
  2lc: 30000/113627 cols  (87s)
  2lc: 32000/113627 cols  (93s)
  2lc: 34000/113627 cols  (99s)
  2lc: 36000/113627 cols  (105s)
  2lc: 38000/113627 cols  (111s)
  2lc: 40000/113627 cols  (117s)
  2lc: 42000/113627 cols  (123s)
  2lc: 44000/113627 cols  (129s)
  2lc: 46000/113627 cols  (135s)
  2lc: 48000/113627 cols  (141s)
  2lc: 50000/113627 cols  (147s)
  2lc: 52000/113627 cols  (153s)
  2lc: 54000/113627 cols  (159s)
  2lc: 56000/113627 cols  (165s)
  2lc: 58000/113627 cols  (171s)
  2lc: 60000/113627 cols  (177s)
  2lc: 62000/113627 cols  (182s)
  2lc: 64000/113627 cols  (188s)
  2lc: 66000/113627 cols  (194s)
  2lc: 68000/113627 cols  (200s)
  2lc: 70000/113627 cols  (206s)
  2lc: 72000/113627 cols  (212s)
  2lc: 74000/113627 cols  (218s)
  2lc: 76000/113627 cols  (224s)
  2lc: 78000/113627 cols  (230s)
  2lc: 80000/113627 cols  (235s)
  2lc: 82000/113627 cols  (241s)
  2lc: 84000/113627 cols  (247s)
  2lc: 86000/113627 cols  (253s)
  2lc: 88000/113627 cols  (259s)
  2lc: 90000/113627 cols  (265s)
  2lc: 92000/113627 cols  (271s)
  2lc: 94000/113627 cols  (277s)
  2lc: 96000/113627 cols  (283s)
  2lc: 98000/113627 cols  (289s)
  2lc: 100000/113627 cols  (295s)
  2lc: 102000/113627 cols  (301s)
  2lc: 104000/113627 cols  (307s)
  2lc: 106000/113627 cols  (313s)
  2lc: 108000/113627 cols  (319s)
  2lc: 110000/113627 cols  (325s)
  2lc: 112000/113627 cols  (330s)
  2lc: 113627/113627 cols  (335s)

====================================================================
2lc: feature axis
====================================================================
  kept clusters: 102   (335s total)
  self-distance (diag): median 0.002502, max 0.005635
  cross Dfeat: median 0.01566, range [0.002259, 0.1173]
  cross >= self scale?  min cross 0.002259 vs median self 0.002502  (some cross below self -> degeneracy candidates)
  2mp: 2000/113597 cols  (6s)
  2mp: 4000/113597 cols  (11s)
  2mp: 6000/113597 cols  (17s)
  2mp: 8000/113597 cols  (23s)
  2mp: 10000/113597 cols  (29s)
  2mp: 12000/113597 cols  (35s)
  2mp: 14000/113597 cols  (41s)
  2mp: 16000/113597 cols  (47s)
  2mp: 18000/113597 cols  (54s)
  2mp: 20000/113597 cols  (60s)
  2mp: 22000/113597 cols  (66s)
  2mp: 24000/113597 cols  (72s)
  2mp: 26000/113597 cols  (78s)
  2mp: 28000/113597 cols  (84s)
  2mp: 30000/113597 cols  (90s)
  2mp: 32000/113597 cols  (96s)
  2mp: 34000/113597 cols  (102s)
  2mp: 36000/113597 cols  (108s)
  2mp: 38000/113597 cols  (114s)
  2mp: 40000/113597 cols  (121s)
  2mp: 42000/113597 cols  (127s)
  2mp: 44000/113597 cols  (133s)
  2mp: 46000/113597 cols  (139s)
  2mp: 48000/113597 cols  (145s)
  2mp: 50000/113597 cols  (151s)
  2mp: 52000/113597 cols  (157s)
  2mp: 54000/113597 cols  (163s)
  2mp: 56000/113597 cols  (169s)
  2mp: 58000/113597 cols  (175s)
  2mp: 60000/113597 cols  (181s)
  2mp: 62000/113597 cols  (187s)
  2mp: 64000/113597 cols  (193s)
  2mp: 66000/113597 cols  (200s)
  2mp: 68000/113597 cols  (206s)
  2mp: 70000/113597 cols  (212s)
  2mp: 72000/113597 cols  (218s)
  2mp: 74000/113597 cols  (224s)
  2mp: 76000/113597 cols  (230s)
  2mp: 78000/113597 cols  (236s)
  2mp: 80000/113597 cols  (242s)
  2mp: 82000/113597 cols  (248s)
  2mp: 84000/113597 cols  (254s)
  2mp: 86000/113597 cols  (260s)
  2mp: 88000/113597 cols  (266s)
  2mp: 90000/113597 cols  (272s)
  2mp: 92000/113597 cols  (278s)
  2mp: 94000/113597 cols  (284s)
  2mp: 96000/113597 cols  (290s)
  2mp: 98000/113597 cols  (296s)
  2mp: 100000/113597 cols  (302s)
  2mp: 102000/113597 cols  (308s)
  2mp: 104000/113597 cols  (315s)
  2mp: 106000/113597 cols  (321s)
  2mp: 108000/113597 cols  (327s)
  2mp: 110000/113597 cols  (333s)
  2mp: 112000/113597 cols  (339s)
  2mp: 113597/113597 cols  (344s)

====================================================================
2mp: feature axis
====================================================================
  kept clusters: 102   (344s total)
  self-distance (diag): median 0.001925, max 0.005716
  cross Dfeat: median 0.02761, range [0.001342, 0.2899]
  cross >= self scale?  min cross 0.001342 vs median self 0.001925  (some cross below self -> degeneracy candidates)
  3mp: 2000/113074 cols  (6s)
  3mp: 4000/113074 cols  (11s)
  3mp: 6000/113074 cols  (17s)
  3mp: 8000/113074 cols  (23s)
  3mp: 10000/113074 cols  (29s)
  3mp: 12000/113074 cols  (35s)
  3mp: 14000/113074 cols  (41s)
  3mp: 16000/113074 cols  (47s)
  3mp: 18000/113074 cols  (53s)
  3mp: 20000/113074 cols  (59s)
  3mp: 22000/113074 cols  (65s)
  3mp: 24000/113074 cols  (71s)
  3mp: 26000/113074 cols  (77s)
  3mp: 28000/113074 cols  (83s)
  3mp: 30000/113074 cols  (89s)
  3mp: 32000/113074 cols  (95s)
  3mp: 34000/113074 cols  (101s)
  3mp: 36000/113074 cols  (107s)
  3mp: 38000/113074 cols  (112s)
  3mp: 40000/113074 cols  (118s)
  3mp: 42000/113074 cols  (124s)
  3mp: 44000/113074 cols  (130s)
  3mp: 46000/113074 cols  (137s)
  3mp: 48000/113074 cols  (143s)
  3mp: 50000/113074 cols  (149s)
  3mp: 52000/113074 cols  (155s)
  3mp: 54000/113074 cols  (161s)
  3mp: 56000/113074 cols  (167s)
  3mp: 58000/113074 cols  (173s)
  3mp: 60000/113074 cols  (179s)
  3mp: 62000/113074 cols  (185s)
  3mp: 64000/113074 cols  (191s)
  3mp: 66000/113074 cols  (197s)
  3mp: 68000/113074 cols  (203s)
  3mp: 70000/113074 cols  (209s)
  3mp: 72000/113074 cols  (215s)
  3mp: 74000/113074 cols  (221s)
  3mp: 76000/113074 cols  (227s)
  3mp: 78000/113074 cols  (233s)
  3mp: 80000/113074 cols  (239s)
  3mp: 82000/113074 cols  (245s)
  3mp: 84000/113074 cols  (251s)
  3mp: 86000/113074 cols  (257s)
  3mp: 88000/113074 cols  (263s)
  3mp: 90000/113074 cols  (269s)
  3mp: 92000/113074 cols  (275s)
  3mp: 94000/113074 cols  (281s)
  3mp: 96000/113074 cols  (287s)
  3mp: 98000/113074 cols  (293s)
  3mp: 100000/113074 cols  (299s)
  3mp: 102000/113074 cols  (305s)
  3mp: 104000/113074 cols  (312s)
  3mp: 106000/113074 cols  (318s)
  3mp: 108000/113074 cols  (324s)
  3mp: 110000/113074 cols  (330s)
  3mp: 112000/113074 cols  (336s)
  3mp: 113074/113074 cols  (339s)

====================================================================
3mp: feature axis
====================================================================
  kept clusters: 98   (339s total)
  self-distance (diag): median 0.001888, max 0.005079
  cross Dfeat: median 0.02837, range [0.001305, 0.2988]
  cross >= self scale?  min cross 0.001305 vs median self 0.001888  (some cross below self -> degeneracy candidates)
